[SpriteText] Stage Only
[SpriteText] 0
[SpriteText] 0
[SpriteText] 0
[SpriteText] /
[SpriteText] IntakeAir
[SpriteText] 0
[SpriteText] 0
[SpriteText] 0
[SpriteText] /
[SpriteText] LiquidFuel
[SpriteText] 0
[SpriteText] 0
[SpriteText] 0
[SpriteText] /
[SpriteText] MonoPropellant
[SpriteText] 0
[SpriteText] 0
[SpriteText] 0
[SpriteText] /
[SpriteText] ElectricCharge
[SpriteText] 
[SpriteText] 0
[SpriteText] none
[SpriteText] Stage Only
[SpriteText] 
[SpriteText] /
[SpriteText] 0
[SpriteText] 0
[SpriteText] 0
[SpriteText] Resources
[SpriteText] Resources
[SpriteText] 0
[SpriteText] description
[SpriteText] Node name
[SpriteText] Node name
[SpriteText] Stage Only
[SpriteText] 0
[SpriteText] 0
[SpriteText] 0
[SpriteText] /
[SpriteText] IntakeAir
[SpriteText] 0
[SpriteText] 0
[SpriteText] 0
[SpriteText] /
[SpriteText] LiquidFuel
[SpriteText] 0
[SpriteText] 0
[SpriteText] 0
[SpriteText] /
[SpriteText] MonoPropellant
[SpriteText] 0
[SpriteText] 0
[SpriteText] 0
[SpriteText] /
[SpriteText] ElectricCharge
[SpriteText] >>
[SpriteText] <<
[SpriteText] 
[SpriteText] >>
[SpriteText] <<
[SpriteText] 
[SpriteText] 
[SpriteText] >>
[SpriteText] >
[SpriteText] <
[SpriteText] <<
[SpriteText] 
[SpriteText] 
[SpriteText] Node name
[SpriteText] Node name
[SpriteText] Node name
[SpriteText] 
[SpriteText] Longitude
[SpriteText] 
[SpriteText] Latitude
[SpriteText] [#e6752a]Surface Location
[SpriteText] 
[SpriteText] Flight time
[SpriteText] 
[SpriteText] Situation
[SpriteText] 
[SpriteText] Sphere of influence
[SpriteText] Station:
[SpriteText] [#c8d782]0 t
[SpriteText] Total mass:
[SpriteText] Part count:
[SpriteText] [#c8d782]-
[SpriteText] [#e6752a]Vessel classification
[SpriteText] Pilot
[SpriteText] Valentina Kerman
[SpriteText] CenterSeat
[SpriteText] [#e6752a]Mk1 Cockpit
[SpriteText] Node name
[SpriteText] Node name
[SpriteText] Node name
[SpriteText] Node name
[SpriteText] Node name
[SpriteText] Node name
[SpriteText] Node name
[SpriteText] Node name
[SpriteText] Node name
[SpriteText] Node name
[SpriteText] Node name
[SpriteText] Node name
[SpriteText] Node name
[SpriteText] Node name
[SpriteText] Node name
[SpriteText] Node name
[SpriteText] Node name
[SpriteText] Node name
[SpriteText] Node name
[SpriteText] Node name
[SpriteText] Node name
[SpriteText] Node name
[SpriteText] Node name
[SpriteText] Node name
[SpriteText] Node name
[SpriteText] Node name
[SpriteText] Node name
[SpriteText] Node name
[SpriteText] Node name
[SpriteText] Node name
[SpriteText] Node name
[SpriteText] Node name
[SpriteText] Node name
[SpriteText] Node name
[SpriteText] Node name
[SpriteText] Node name
[SpriteText] Node name
[SpriteText] Node name
[SpriteText] Node name
[SpriteText] Node name
[SpriteText] Node name
[SpriteText] Node name
[SpriteText] Node name
[SpriteText] Node name
[SpriteText] Node name
[SpriteText] Node name
[SpriteText] Node name
[SpriteText] Node name
[SpriteText] Node name
[SpriteText] Node name
[SpriteText] Node name
[SpriteText] Node name
[SpriteText] Node name
[SpriteText] Node name
[SpriteText] Node name
[SpriteText] Node name
[SpriteText] Node name
[SpriteText] Node name
[SpriteText] Node name
[SpriteText] Node name
[SpriteText] Node name
[SpriteText] Node name
[SpriteText] Node name
[SpriteText] Node name
[SpriteText] Node name
[SpriteText] Node name
[SpriteText] Node name
[SpriteText] Node name
[SpriteText] Node name
[SpriteText] Node name
[SpriteText] Node name
[SpriteText] Node name
[SpriteText] Node name
[SpriteText] Node name
[SpriteText] Node name
[SpriteText] Node name
[SpriteText] Node name
[SpriteText] Node name
[SpriteText] Node name
[SpriteText] Node name
[SpriteText] Node name
[SpriteText] Node name
[SpriteText] Node name
[SpriteText] Node name
[SpriteText] Node name
[SpriteText] Node name
[SpriteText] Node name
[SpriteText] Node name
[SpriteText] Node name
[SpriteText] Node name
[SpriteText] Node name
[SpriteText] Node name
[SpriteTex