[SpriteText] Go to Astronaut Complex
[SpriteText] Clear
[SpriteText] Fill
[SpriteText] Reset
[SpriteText] Available crew
[SpriteText] Parts with crew capacity
[SpriteText] 0
[SpriteText] none
[SpriteText] Stage Only
[SpriteText] 
[SpriteText] /
[SpriteText] 0
[SpriteText] 0
[SpriteText] 0
[SpriteText] Resources
[SpriteText] Resources
[SpriteText] 0
[SpriteText] description
[SpriteText] Node name
[SpriteText] Vessel Name
[SpriteText] Science: 0.0
[SpriteText] Kerbal Name
[SpriteText] 000 Data Gathered
[SpriteText] Name
[SpriteText] Header
[SpriteText] Name
[SpriteText] 0/0
[SpriteText] 
[SpriteText] Value
[SpriteText] 
[SpriteText] 3
[SpriteText] Science Report
[SpriteText] 
[SpriteText] Vessel Name
[SpriteText] New message
[SpriteText] 
[SpriteText] 
[SpriteText] Close
[SpriteText] 000 Science reports found
[SpriteText] Clear
[SpriteText] Node description
[SpriteText] Requires:
[SpriteText] Available Parts
[SpriteText] 100%
[SpriteText] Nothing selected.
[SpriteText] Node name
[SpriteText] Purchase 0 Parts [1,000 Funds]
[SpriteText] Expand All
[SpriteText] Science
[SpriteText] Name
[SpriteText] Data
[SpriteText] Value
[SpriteText] Research [0000 Science]
[SpriteText] Reset Filters
[SpriteText] Header
[SpriteText] Label
[SpriteText] Clear
[SpriteText] # parts, in # stages.\r\r\n* Locked or Invalid Parts!
[SpriteText] Header header header 1eader header header header header header 3header header header header
[SpriteText] *Name* Kerman
[SpriteText] Part Name
[SpriteText] Vessel Name
[SpriteText] XP Trait
[SpriteText]      key
[SpriteText] Kerbal Name
[SpriteText] Courage
[SpriteText] Courage
[SpriteText] Courage
[SpriteText] Parts with crew capacity
[SpriteText] Close
[SpriteText] Kerbal Name
[SpriteText] Stupidity
[SpriteText] XP Trait
[SpriteText] Nothing selected.
[SpriteText] Stupidity
[SpriteText] Kerbal Name
[SpriteText] Fill
[SpriteText] Go to Astronaut Complex
[SpriteText] Kerbal Name
[SpriteText] Label
[SpriteText] Archives
[SpriteText] Reset
[SpriteText] Close
[SpriteText] Available crew
[SpriteText] Deadline
[SpriteText] Active Strategies
[SpriteText] Available
[SpriteText] 1d, 1h, 1m
[SpriteText] 1d, 1h, 1m
[SpriteText] Active
[SpriteText] Completed
[SpriteText] Failed
[SpriteText] Cancelled
[SpriteText] All
[SpriteText] Expires
[SpriteText] App name
[SpriteText] Hello World
[SpriteText] text
[SpriteText] Hello World
[SpriteText] Hello World
[SpriteText] 999
[SpriteText] Reset
[SpriteText] sdfsdfsdfsdfsdfsdfsdfsdfsdfsdfsdfsdfsdfsdfsdfsdfsdfsdfsdfsdfsdfsdfsdfsdfsdfsdfsdfsdfsdfsdfsdfsdfsdf
[SpriteText] Hello World
[SpriteText] sdfsdfsdfsdfsfdfsfsdfsdfsdfsdfsfdfsfsdfsdfsdfsdfsfdfsfsdfsdfsdfsdfsfdfsf
[SpriteText] O
[SpriteText] key
[SpriteText] Header
[SpriteText] value
[SpriteText] key
[SpriteText] Name
[SpriteText] Seat
[SpriteText] A
[SpriteText] Size Class:
[SpriteText] Part count:
[SpriteText] key
[SpriteText] Signal Strength
[SpriteText] [#c8d782]0 t
[SpriteText] 100%
[SpriteText] ...
[SpriteText] Station:
[SpriteText] Total mass:
[SpriteText] Name
[SpriteText] [#c8d782]-
[SpriteText] [#c8d782]-
[SpriteText] S
[SpriteText] [#c8d782].
[SpriteText] Last Seen:
[SpriteText] xp
[SpriteText] Lost
[SpriteText] Mission\r\nFlag
[SpriteText] Stages
[SpriteText] Assigned
[SpriteText] Reset
[SpriteText] Applicants
[SpriteText] Fill
[SpriteText] Clear
[SpriteText] Delete
[SpriteText] Close
[SpriteText] Available
[SpriteText] Name
[SpriteText] Cost
[SpriteText] Vessel Name
[SpriteText] Launch
[SpriteText] Close
[SpriteText] Launch new mission
[SpriteText] Edit
[SpriteText] Parts
[SpriteTextRich] Placeholder text.
[SpriteTextRich] I know, It's hardly rocket science
[SpriteTextRich] XP Trait Description
[SpriteTextRich] Rebuild Lvl 1\n£ 10,800,000
[SpriteTextRich] Enter\n
[SpriteTextRich] Building Name
[SpriteTextRich] Status: Fully Operational
[SpriteTextRich] Status: Operational
[SpriteTextRich] Debris
[SpriteTextRich] Facility Level 2\n\n\n\n
[SpriteTextRich] Space Center Facility
[SpriteTextRich] Vessel Name
[SpriteTextRich] Landed at Somewhere long enough to line break
[SpriteTextRich] Repair For £000,000,000.00\n
[SpriteTextRich] + Map Trajectory Display\n+ Tracked Object Data\n+ Flight Guidance Data\n+ Four lines should be plenty I think\n
[SpriteTextRich] Vehicle Assembly Building description text goes here, and can be about this much in length, possibly more... Yeah, we can fit about five or six lines here easily, although reading this much is probably going to be a bore so better not overdo it.
[SpriteTextRich] <#feb200>Crew:</>
[SpriteTextRich] Landed at Somewhere long enough to line break
[SpriteTextRich] Discard
[SpriteTextRich] Tracking Station
[SpriteTextRich] The Tracking Station allows you to keep track of ongoing flights and recover or terminate them.
[SpriteTextRich] Enter\n
[SpriteTextRich] Repair For £000,000,000.00\n
[SpriteTextRich] 1200 parts, 500 stages
[SpriteTextRich] Close
[SpriteTextRich] Demolish\n
[SpriteTextRich] Jebediah Kerman\nBob Kerman\nBill Kerman\n<i>(N more)</>
[SpriteTextRich] Upgrade\n<#00d4fe>£100,240,000.00</>
[SpriteTextRich] £0000
[SpriteTextRich] 0000£
[SpriteTextRich] Title
[SpriteTextRich] 0000£
[SpriteTextRich] 0000£
[SpriteTextRich] 0000£
[SpriteTextRich] <b><#DB8310>Wernher Von Kerman:</></b>\nWelcome to the science archives. Please make a selection.
[SpriteTextRich] XP Trait Description
[SpriteTextRich] Placeholder text.
[SpriteTextRich] <b><#DB8310>Gene Kerman:</></b>\nWelcome to Mission Control. Please make a selection.
[SpriteTextRich] Header
[SpriteTextRich] <b>Leerer Sitz</b>
[SpriteTextRich] <b><#DB8310>Cost:</>\r\r</b>\n\F 90.000\n\n<#DB8310>Estimated result:</>\r\r\n+15% Reputation rewards\n+12% Fundrs rewards
[SpriteTextRich]      key
[SpriteTextRich] Mass: 0000.0t
[SpriteTextRich] Department Rep description text goes here, and it must be long enough to test just how much we can fit in this dialog. About this much should do. actually that wasn't quite enough... One or two more lines should do it. Here/.
[SpriteTextRich] Size: 888.8m, 888.8m, 888.8m
[SpriteTextRich] *Name* Kerman\n(*Department*)
[SpriteTextRich] £99999999
[SpriteTextRich] <b><#DB8310>Space program appreciation campaign:</>\r\r</b>
[SpriteTextRich] Department Rep Name
[SpriteTextRich] Strategy Text Here.
[SpriteTextRich] XP Trait Description
[SpriteTextRich] <b>Leerer Sitz</b>
[SpriteTextRich] Cancel Strategy
[SpriteTextRich] Accept Strategy
[SpriteTextRich] <b><#DB8310>Contract:</></b>\nMission Headline\n\n<b><#DB8310>Agent:</></b>\nAgent Info
[SpriteTextRich] Commitment: 00.0%
[SpriteTextRich] Accept Contract
[SpriteTextRich] Decline Contract
[SpriteTextRich] Cancel Contract
[SpriteTextRich] Back to Contract
[SpriteTextRich] <b><#DB8310>Active Contracts: </></b> 99\t[Max: 00]
[SpriteTextRich] key
[SpriteTextRich] key
[SpriteTextRich] Add part to category:
[SpriteTextRich] Close
[SpriteTextRich] Delete
[SpriteTextRich] Accept
[SpriteTextRich] Close
[SpriteTextRich] Icon:
[SpriteTextRich] Category name:
[SpriteTextRich] Accept
[SpriteTextRich] [+] design concern test
[SpriteTextRich] Show severity:
[SpriteTextRich] Active Crews: 10\t[Max: 12]
[SpriteTextRich] Hire Next: £ 00,000,000.00
[SpriteTextRich] Congratulations! Your unified field theory experiment was a great success. On second thought, it may also be the case that you have no vessels available for launch.
[SpriteTextRich] £99999999
[TextMesh] Loading...
[TextMesh] 00,000,000
[TextMesh] 
[TextMesh] 
[SpriteText]      key
[SpriteText]      key
[SpriteText] Header
[SpriteText]      key
[SpriteText]      key
[SpriteText] Header
[SpriteText]      key
[SpriteText] Header
[SpriteText]      key
[SpriteText] Header
[SpriteText] Contracts
[SpriteTextRich] <#acfcff>[+] Note:
[SpriteTextRich] Ò <#ffffff>Achieve goal
[SpriteTextRich] <#e6752a>Orbit Kerbin!
[SpriteTextRich] <#acfcff>[+] Note:
[SpriteTextRich] Ò <#ffffff>Achieve goal
[SpriteTextRich] <#e6752a>Escape the atmosphere!
[SpriteTextRich] Ò <#ffffff>Achieve speeds exceeding 450m/s
[SpriteTextRich] <#e6752a>Set speed record of 450m/s.
[SpriteTextRich] Ò <#ffffff>Achieve an altitude of at least 7,500m
[SpriteTextRich] <#e6752a>Set altitude record of 7,500m.
[SpriteText] Pilot
[SpriteText] Valentina Kerman
[SpriteText] Scientist
[SpriteText] Bob Kerman
[SpriteText] Engineer
[SpriteText] Bill Kerman
[SpriteText] Pilot
[SpriteText] Jebediah Kerman
[SpriteText] Mk1 Command Pod
[SpriteText] [#fefefe]4 parts in 1 stage.
[SpriteText] Auto-Saved Ship
[SpriteTextRich] <b>Leerer Sitz</b>
[SpriteTextRich] <b>Leerer Sitz</b>
[SpriteTextRich] <b>Leerer Sitz</b>
[SpriteTextRich] <b>Leerer Sitz</b>
[SpriteTextRich] <#b4d455>Mass: 0.9t</>
[SpriteTextRich] <#fefefe>Size: 1.5m, 1.9m, 1.9m</>
[SpriteTextRich] <#b4d455>£675.0</>
[TextMesh] 00,000,000
