[SpriteText] [#b8f4d1]288.15 °K
[SpriteText] ASL Temperature
[SpriteText] [#b8f4d1]1 atm
[SpriteText] Atmos. Pressure
[SpriteText] [#b8f4d1]70,000 m
[SpriteText] Atmos. Height
[SpriteText] [#b8f4d1]Yes
[SpriteText] Atmosphere Present
[SpriteText] [#2ae678]Atmospheric Characteristics:
[SpriteText] [#b8f4d1]84,159 km
[SpriteText] SOI
[SpriteText] [#b8f4d1]5h, 59m, 59s
[SpriteText] Rotation Period
[SpriteText] [#b8f4d1]3431.0 m/s
[SpriteText] Escape Velocity
[SpriteText] [#b8f4d1]1 g
[SpriteText] ASL Gravity
[SpriteText] [#b8f4d1]3.532E+12 m³/s²
[SpriteText] GM
[SpriteText] [#b8f4d1]5.292E+22 kg
[SpriteText] Masse
[SpriteText] [#b8f4d1]4.524E+12 m²
[SpriteText] Fläche
[SpriteText] [#b8f4d1]600 km
[SpriteText] Eq. Radius
[SpriteText] [#2ae678]Physical Characteristics:
[SpriteText] 0
[SpriteText] none
[SpriteText] Stage Only
[SpriteText] 
[SpriteText] /
[SpriteText] 0
[SpriteText] 0
[SpriteText] 0
[SpriteText] Resources
[SpriteText] Resources
[SpriteText] 0
[SpriteText] description
[SpriteText] Node name
[SpriteText] Node name
[SpriteText] Node name
[SpriteText] Node name
[SpriteText] [#b8f4d1]288.15 °K
[SpriteText] ASL Temperature
[SpriteText] [#b8f4d1]1 atm
[SpriteText] Atmos. Pressure
[SpriteText] [#b8f4d1]70,000 m
[SpriteText] Atmos. Height
[SpriteText] [#b8f4d1]Yes
[SpriteText] Atmosphere Present
[SpriteText] [#2ae678]Atmospheric Characteristics:
[SpriteText] [#b8f4d1]84,159 km
[SpriteText] SOI
[SpriteText] [#b8f4d1]5h, 59m, 59s
[SpriteText] Rotation Period
[SpriteText] [#b8f4d1]3431.0 m/s
[SpriteText] Escape Velocity
[SpriteText] [#b8f4d1]1 g
[SpriteText] ASL Gravity
[SpriteText] [#b8f4d1]3.532E+12 m³/s²
[SpriteText] GM
[SpriteText] [#b8f4d1]5.292E+22 kg
[SpriteText] Mass
[SpriteText] [#b8f4d1]4.524E+12 m²
[SpriteText] Area
[SpriteText] [#b8f4d1]600 km
[SpriteText] Eq. Radius
[SpriteText] [#2ae678]Physical Characteristics:
[SpriteText] Node name
[SpriteText] Node name
[SpriteText] Node name
[SpriteText] Node name
[SpriteText] Node name
[SpriteText] Node name
[SpriteText] Node name
[SpriteText] Node name
[SpriteText] Node name
[SpriteText] Node name
[SpriteText] Node name
[SpriteText] Node name
[SpriteText] Node name
[SpriteText] Node name
[SpriteText] Node name
[SpriteText] Node name
[SpriteText] Node name
[SpriteText] Node name
[SpriteText] Node name
[SpriteText] Node name
[SpriteText] Node name
[SpriteText] Node name
[SpriteText] Node name
[SpriteText] Node name
[SpriteText] Node name
[SpriteText] Node name
[SpriteText] Node name
[SpriteText] Node name
[SpriteText] Node name
[SpriteText] Node name
[SpriteText] Node name
[SpriteText] Node name
[SpriteText] Node name
[SpriteText] Node name
[SpriteText] Node name
[SpriteText] Node name
[SpriteText] Node name
[SpriteText] Node name
[SpriteText] Node name
[SpriteText] Node name
[SpriteText] Node name
[SpriteText] Node name
[SpriteText] Node name
[SpriteText] Node name
[SpriteText] Node name
[SpriteText] Node name
[SpriteText] Node name
[SpriteText] Node name
[SpriteText] Node name
[SpriteText] Node name
[SpriteText] Node name
[SpriteText] Node name
[SpriteText] Node name
[SpriteText] Node name
[SpriteText] Node name
[SpriteText] Node name
[SpriteText] Node name
[SpriteText] Node name
[SpriteText] Node name
[SpriteText] Node name
[SpriteText] Node name
[SpriteText] Node name
[SpriteText] Node name
[SpriteText] Node name
[SpriteText] Node name
[SpriteText] Node name
[SpriteText] Node name
[SpriteText] Node name
[SpriteText] Node name
[SpriteText] Node name
[SpriteText] Node name
[SpriteText] Node name
[SpriteText] Node name
[SpriteText] Node name
[SpriteText] Node name
[SpriteText] Node name
[SpriteText] Node name
[SpriteText] Node name
[SpriteText] Node name
[SpriteText] Node name
[SpriteText] Node name
[SpriteText] Node name
[SpriteText] Node name
[SpriteText] Node name
[SpriteText] Node name
[SpriteText] Node name
[SpriteText] Node name
[SpriteText] Node name
[SpriteText] Node name
[SpriteText] Node name
[SpriteText] No